#
# A fatal error has been detected by the Java Runtime Environment:
#
# java.lang.OutOfMemoryError: requested 4092 bytes for char in /build/buildd/openjdk-6-6b20-1.9.7/build/openjdk/hotspot/src/share/vm/utilities/stack.inline.hpp. Out of swap space?
#
#  Internal Error (allocation.inline.hpp:39), pid=19805, tid=342297456
#  Error: char in /build/buildd/openjdk-6-6b20-1.9.7/build/openjdk/hotspot/src/share/vm/utilities/stack.inline.hpp
#
# JRE version: 6.0_20-b20
# Java VM: OpenJDK Server VM (19.0-b09 mixed mode linux-x86 )
# Derivative: IcedTea6 1.9.7
# Distribution: Ubuntu 10.04.1 LTS, package 6b20-1.9.7-0ubuntu1~10.04.1
# If you would like to submit a bug report, please include
# instructions how to reproduce the bug and visit:
#   https://bugs.launchpad.net/ubuntu/+source/openjdk-6/
#

---------------  T H R E A D  ---------------

Current thread (0x148dc400):  VMThread [stack: 0x145f0000,0x14671000] [id=19818]

Stack: [0x145f0000,0x14671000],  sp=0x1466fa20,  free space=510k
Native frames: (J=compiled Java code, j=interpreted, Vv=VM code, C=native code)
V  [libjvm.so+0x649357]
V  [libjvm.so+0x6495a1]
V  [libjvm.so+0x291eae]
V  [libjvm.so+0x4ba4cd]
V  [libjvm.so+0x4bab2d]
V  [libjvm.so+0x561c79]
V  [libjvm.so+0x562785]
V  [libjvm.so+0x56fe05]
V  [libjvm.so+0x535748]
V  [libjvm.so+0x64afc0]
V  [libjvm.so+0x651a31]
V  [libjvm.so+0x65054a]
V  [libjvm.so+0x650b6c]
V  [libjvm.so+0x650ea1]
V  [libjvm.so+0x51fcd1]
C  [libpthread.so.0+0x596e]

VM_Operation (0x14258bd4): ParallelGCFailedAllocation, mode: safepoint, requested by thread 0x14157c00


---------------  P R O C E S S  ---------------

Java Threads: ( => current thread )
  0x14157c00 JavaThread "Thread-0" [_thread_blocked, id=19826, stack(0x14209000,0x1425a000)]
  0x148f7400 JavaThread "Low Memory Detector" daemon [_thread_blocked, id=19824, stack(0x1436b000,0x143bc000)]
  0x148f5400 JavaThread "CompilerThread1" daemon [_thread_blocked, id=19823, stack(0x143bc000,0x1443d000)]
  0x148f3400 JavaThread "CompilerThread0" daemon [_thread_blocked, id=19822, stack(0x1443d000,0x144be000)]
  0x148f2000 JavaThread "Signal Dispatcher" daemon [_thread_blocked, id=19821, stack(0x144be000,0x1450f000)]
  0x148e1c00 JavaThread "Finalizer" daemon [_thread_blocked, id=19820, stack(0x1454e000,0x1459f000)]
  0x148e0400 JavaThread "Reference Handler" daemon [_thread_blocked, id=19819, stack(0x1459f000,0x145f0000)]
  0x08d8ec00 JavaThread "main" [_thread_blocked, id=19809, stack(0xb69b9000,0xb6a0a000)]

Other Threads:
=>0x148dc400 VMThread [stack: 0x145f0000,0x14671000] [id=19818]
  0x148f9400 WatcherThread [stack: 0x142ea000,0x1436b000] [id=19825]

VM state:at safepoint (normal execution)

VM Mutex/Monitor currently owned by a thread:  ([mutex/lock_event])
[0x08d65488] Threads_lock - owner thread: 0x148dc400
[0x08d65898] Heap_lock - owner thread: 0x14157c00

Heap
 PSYoungGen      total 716800K, used 716784K [0x815a0000, 0xb35a0000, 0xb35a0000)
  eden space 614400K, 100% used [0x815a0000,0xa6da0000,0xa6da0000)
  from space 102400K, 99% used [0xad1a0000,0xb359c040,0xb35a0000)
  to   space 102400K, 99% used [0xa6da0000,0xad19e030,0xad1a0000)
 PSOldGen        total 1638400K, used 1489004K [0x1d5a0000, 0x815a0000, 0x815a0000)
  object space 1638400K, 90% used [0x1d5a0000,0x783bb020,0x815a0000)
 PSPermGen       total 16384K, used 5587K [0x155a0000, 0x165a0000, 0x1d5a0000)
  object space 16384K, 34% used [0x155a0000,0x15b14ee0,0x165a0000)

Dynamic libraries:
00010000-08048000 rwxp 00000000 00:00 0 
08048000-08051000 r-xp 00000000 08:02 221275     /usr/lib/jvm/java-6-openjdk/jre/bin/java
08051000-08052000 r-xp 00008000 08:02 221275     /usr/lib/jvm/java-6-openjdk/jre/bin/java
08052000-08053000 rwxp 00009000 08:02 221275     /usr/lib/jvm/java-6-openjdk/jre/bin/java
08053000-140e8000 rwxp 00000000 00:00 0          [heap]
140e8000-14100000 rwxp 00000000 00:00 0 
14100000-14200000 rwxp 00000000 00:00 0 
14201000-14209000 rwxp 00000000 00:00 0 
14209000-1420c000 ---p 00000000 00:00 0 
1420c000-1425a000 rwxp 00000000 00:00 0 
1425a000-142d9000 r-xs 007f5000 00:18 1908533    /home/prokopec/workspace/ctries/project/boot/scala-2.9.0/lib/scala-library.jar
142d9000-142ea000 r-xs 000a6000 00:18 3465251    /home/prokopec/workspace/ctries/target/scala_2.9.0/ctries_2.9.0-1.0-test.jar
142ea000-142eb000 ---p 00000000 00:00 0 
142eb000-1436b000 rwxp 00000000 00:00 0 
1436b000-1436e000 ---p 00000000 00:00 0 
1436e000-143bc000 rwxp 00000000 00:00 0 
143bc000-143bf000 ---p 00000000 00:00 0 
143bf000-1443d000 rwxp 00000000 00:00 0 
1443d000-14440000 ---p 00000000 00:00 0 
14440000-144be000 rwxp 00000000 00:00 0 
144be000-144c1000 ---p 00000000 00:00 0 
144c1000-1450f000 rwxp 00000000 00:00 0 
1450f000-1454e000 r-xp 00000000 08:02 13077      /usr/lib/locale/en_US.utf8/LC_CTYPE
1454e000-14551000 ---p 00000000 00:00 0 
14551000-1459f000 rwxp 00000000 00:00 0 
1459f000-145a2000 ---p 00000000 00:00 0 
145a2000-145f0000 rwxp 00000000 00:00 0 
145f0000-145f1000 ---p 00000000 00:00 0 
145f1000-14671000 rwxp 00000000 00:00 0 
14671000-14800000 r-xs 038c2000 08:02 221202     /usr/lib/jvm/java-6-openjdk/jre/lib/rt.jar
14800000-148fb000 rwxp 00000000 00:00 0 
148fb000-14900000 ---p 00000000 00:00 0 
14900000-14906000 rwxp 00000000 00:00 0 
14906000-14908000 r-xs 00011000 00:18 3810078    /home/prokopec/workspace/ctries/target/scala_2.9.0/ctries_2.9.0-1.0.jar
14908000-1490b000 r-xs 0000f000 08:02 221138     /usr/lib/jvm/java-6-openjdk/jre/lib/ext/pulse-java.jar
1490b000-14914000 r-xs 00065000 08:02 337268     /usr/share/java/gnome-java-bridge.jar
14914000-14947000 rwxp 00000000 00:00 0 
14947000-14948000 ---p 00000000 00:00 0 
14948000-149c8000 rwxp 00000000 00:00 0 
149c8000-149c9000 ---p 00000000 00:00 0 
149c9000-14a49000 rwxp 00000000 00:00 0 
14a49000-14a4a000 ---p 00000000 00:00 0 
14a4a000-14aca000 rwxp 00000000 00:00 0 
14aca000-14acb000 ---p 00000000 00:00 0 
14acb000-14b4b000 rwxp 00000000 00:00 0 
14b4b000-14b4c000 ---p 00000000 00:00 0 
14b4c000-14bcc000 rwxp 00000000 00:00 0 
14bcc000-14bcd000 ---p 00000000 00:00 0 
14bcd000-14c4d000 rwxp 00000000 00:00 0 
14c4d000-14c4e000 ---p 00000000 00:00 0 
14c4e000-14cce000 rwxp 00000000 00:00 0 
14cce000-14ccf000 ---p 00000000 00:00 0 
14ccf000-14d57000 rwxp 00000000 00:00 0 
14d57000-14d8f000 rwxp 00000000 00:00 0 
14d8f000-150b7000 rwxp 00000000 00:00 0 
150b7000-150ef000 rwxp 00000000 00:00 0 
150ef000-165a0000 rwxp 00000000 00:00 0 
165a0000-1d5a0000 rwxp 00000000 00:00 0 
1d5a0000-b35a0000 rwxp 00000000 00:00 0 
b35a0000-b35a4000 r-xs 0007c000 08:02 221150     /usr/lib/jvm/java-6-openjdk/jre/lib/jsse.jar
b35a4000-b35ab000 r-xs 00000000 08:02 223527     /usr/lib/gconv/gconv-modules.cache
b35ab000-b35b4000 rwxp 00000000 00:00 0 
b35b4000-b366b000 rwxp 00000000 00:00 0 
b366b000-b38ab000 rwxp 00000000 00:00 0 
b38ab000-b666b000 rwxp 00000000 00:00 0 
b666b000-b666f000 r-xp 00000000 08:02 3380       /lib/tls/i686/cmov/libnss_dns-2.11.1.so
b666f000-b6670000 r-xp 00004000 08:02 3380       /lib/tls/i686/cmov/libnss_dns-2.11.1.so
b6670000-b6671000 rwxp 00005000 08:02 3380       /lib/tls/i686/cmov/libnss_dns-2.11.1.so
b6671000-b6673000 r-xp 00000000 08:02 114508     /lib/libnss_mdns4_minimal.so.2
b6673000-b6674000 r-xp 00001000 08:02 114508     /lib/libnss_mdns4_minimal.so.2
b6674000-b6675000 rwxp 00002000 08:02 114508     /lib/libnss_mdns4_minimal.so.2
b6675000-b6678000 r-xp 00000000 08:02 9128       /lib/libgpg-error.so.0.4.0
b6678000-b6679000 r-xp 00002000 08:02 9128       /lib/libgpg-error.so.0.4.0
b6679000-b667a000 rwxp 00003000 08:02 9128       /lib/libgpg-error.so.0.4.0
b667a000-b66ea000 r-xp 00000000 08:02 9114       /lib/libgcrypt.so.11.5.2
b66ea000-b66eb000 r-xp 00070000 08:02 9114       /lib/libgcrypt.so.11.5.2
b66eb000-b66ed000 rwxp 00071000 08:02 9114       /lib/libgcrypt.so.11.5.2
b66ed000-b66fc000 r-xp 00000000 08:02 9611       /usr/lib/libtasn1.so.3.1.7
b66fc000-b66fd000 r-xp 0000e000 08:02 9611       /usr/lib/libtasn1.so.3.1.7
b66fd000-b66fe000 rwxp 0000f000 08:02 9611       /usr/lib/libtasn1.so.3.1.7
b66fe000-b6704000 r-xp 00000000 08:02 3746       /usr/lib/libkrb5support.so.0.1
b6704000-b6705000 r-xp 00005000 08:02 3746       /usr/lib/libkrb5support.so.0.1
b6705000-b6706000 rwxp 00006000 08:02 3746       /usr/lib/libkrb5support.so.0.1
b6706000-b6728000 r-xp 00000000 08:02 138043     /usr/lib/libk5crypto.so.3.1
b6728000-b6729000 r-xp 00021000 08:02 138043     /usr/lib/libk5crypto.so.3.1
b6729000-b672a000 rwxp 00022000 08:02 138043     /usr/lib/libk5crypto.so.3.1
b672a000-b67c0000 r-xp 00000000 08:02 8644       /usr/lib/libgnutls.so.26.14.12
b67c0000-b67c4000 r-xp 00095000 08:02 8644       /usr/lib/libgnutls.so.26.14.12
b67c4000-b67c5000 rwxp 00099000 08:02 8644       /usr/lib/libgnutls.so.26.14.12
b67c5000-b67d5000 r-xp 00000000 08:02 6725       /lib/tls/i686/cmov/libresolv-2.11.1.so
b67d5000-b67d6000 r-xp 00010000 08:02 6725       /lib/tls/i686/cmov/libresolv-2.11.1.so
b67d6000-b67d7000 rwxp 00011000 08:02 6725       /lib/tls/i686/cmov/libresolv-2.11.1.so
b67d7000-b67d9000 rwxp 00000000 00:00 0 
b67d9000-b6806000 r-xp 00000000 08:02 138050     /usr/lib/libgssapi_krb5.so.2.2
b6806000-b6807000 r-xp 0002d000 08:02 138050     /usr/lib/libgssapi_krb5.so.2.2
b6807000-b6808000 rwxp 0002e000 08:02 138050     /usr/lib/libgssapi_krb5.so.2.2
b6808000-b68b2000 r-xp 00000000 08:02 277458     /usr/lib/libkrb5.so.3.3
b68b2000-b68b3000 ---p 000aa000 08:02 277458     /usr/lib/libkrb5.so.3.3
b68b3000-b68b8000 r-xp 000aa000 08:02 277458     /usr/lib/libkrb5.so.3.3
b68b8000-b68b9000 rwxp 000af000 08:02 277458     /usr/lib/libkrb5.so.3.3
b68b9000-b68cf000 r-xp 00000000 08:02 9460       /usr/lib/libsasl2.so.2.0.23
b68cf000-b68d0000 r-xp 00015000 08:02 9460       /usr/lib/libsasl2.so.2.0.23
b68d0000-b68d1000 rwxp 00016000 08:02 9460       /usr/lib/libsasl2.so.2.0.23
b68d1000-b68dc000 r-xp 00000000 08:02 170247     /usr/lib/liblber-2.4.so.2.5.4
b68dc000-b68dd000 r-xp 0000a000 08:02 170247     /usr/lib/liblber-2.4.so.2.5.4
b68dd000-b68de000 rwxp 0000b000 08:02 170247     /usr/lib/liblber-2.4.so.2.5.4
b68de000-b6922000 r-xp 00000000 08:02 170248     /usr/lib/libldap_r-2.4.so.2.5.4
b6922000-b6923000 r-xp 00043000 08:02 170248     /usr/lib/libldap_r-2.4.so.2.5.4
b6923000-b6924000 rwxp 00044000 08:02 170248     /usr/lib/libldap_r-2.4.so.2.5.4
b6924000-b6925000 rwxp 00000000 00:00 0 
b6925000-b6938000 r-xp 00000000 08:02 169492     /lib/libnss_ldap-2.11.1.so
b6938000-b6939000 r-xp 00012000 08:02 169492     /lib/libnss_ldap-2.11.1.so
b6939000-b693a000 rwxp 00013000 08:02 169492     /lib/libnss_ldap-2.11.1.so
b693a000-b6945000 rwxp 00000000 00:00 0 
b6945000-b694f000 r-xp 00000000 08:02 3381       /lib/tls/i686/cmov/libnss_files-2.11.1.so
b694f000-b6950000 r-xp 00009000 08:02 3381       /lib/tls/i686/cmov/libnss_files-2.11.1.so
b6950000-b6951000 rwxp 0000a000 08:02 3381       /lib/tls/i686/cmov/libnss_files-2.11.1.so
b6951000-b6964000 r-xp 00000000 08:02 3378       /lib/tls/i686/cmov/libnsl-2.11.1.so
b6964000-b6965000 r-xp 00012000 08:02 3378       /lib/tls/i686/cmov/libnsl-2.11.1.so
b6965000-b6966000 rwxp 00013000 08:02 3378       /lib/tls/i686/cmov/libnsl-2.11.1.so
b6966000-b6968000 rwxp 00000000 00:00 0 
b6969000-b696b000 r-xs 0001d000 08:02 221155     /usr/lib/jvm/java-6-openjdk/jre/lib/plugin.jar
b696b000-b6970000 r-xs 00044000 08:02 221154     /usr/lib/jvm/java-6-openjdk/jre/lib/netx.jar
b6970000-b6977000 r-xp 00000000 08:02 221245     /usr/lib/jvm/java-6-openjdk/jre/lib/i386/libzip.so
b6977000-b6978000 r-xp 00006000 08:02 221245     /usr/lib/jvm/java-6-openjdk/jre/lib/i386/libzip.so
b6978000-b6979000 rwxp 00007000 08:02 221245     /usr/lib/jvm/java-6-openjdk/jre/lib/i386/libzip.so
b6979000-b6981000 rwxs 00000000 08:02 13134      /tmp/hsperfdata_prokopec/19805
b6981000-b6989000 rwxp 00000000 00:00 0 
b6989000-b69ad000 r-xp 00000000 08:02 221226     /usr/lib/jvm/java-6-openjdk/jre/lib/i386/libjava.so
b69ad000-b69ae000 r-xp 00023000 08:02 221226     /usr/lib/jvm/java-6-openjdk/jre/lib/i386/libjava.so
b69ae000-b69b0000 rwxp 00024000 08:02 221226     /usr/lib/jvm/java-6-openjdk/jre/lib/i386/libjava.so
b69b0000-b69b7000 r-xp 00000000 08:02 74656      /lib/tls/i686/cmov/librt-2.11.1.so
b69b7000-b69b8000 r-xp 00006000 08:02 74656      /lib/tls/i686/cmov/librt-2.11.1.so
b69b8000-b69b9000 rwxp 00007000 08:02 74656      /lib/tls/i686/cmov/librt-2.11.1.so
b69b9000-b69bc000 ---p 00000000 00:00 0 
b69bc000-b6a0a000 rwxp 00000000 00:00 0 
b6a0a000-b6a2e000 r-xp 00000000 08:02 3376       /lib/tls/i686/cmov/libm-2.11.1.so
b6a2e000-b6a2f000 r-xp 00023000 08:02 3376       /lib/tls/i686/cmov/libm-2.11.1.so
b6a2f000-b6a30000 rwxp 00024000 08:02 3376       /lib/tls/i686/cmov/libm-2.11.1.so
b6a30000-b70f5000 r-xp 00000000 08:02 221248     /usr/lib/jvm/java-6-openjdk/jre/lib/i386/server/libjvm.so
b70f5000-b70f6000 ---p 006c5000 08:02 221248     /usr/lib/jvm/java-6-openjdk/jre/lib/i386/server/libjvm.so
b70f6000-b713b000 r-xp 006c5000 08:02 221248     /usr/lib/jvm/java-6-openjdk/jre/lib/i386/server/libjvm.so
b713b000-b714a000 rwxp 0070a000 08:02 221248     /usr/lib/jvm/java-6-openjdk/jre/lib/i386/server/libjvm.so
b714a000-b756b000 rwxp 00000000 00:00 0 
b756b000-b76be000 r-xp 00000000 08:02 3372       /lib/tls/i686/cmov/libc-2.11.1.so
b76be000-b76bf000 ---p 00153000 08:02 3372       /lib/tls/i686/cmov/libc-2.11.1.so
b76bf000-b76c1000 r-xp 00153000 08:02 3372       /lib/tls/i686/cmov/libc-2.11.1.so
b76c1000-b76c2000 rwxp 00155000 08:02 3372       /lib/tls/i686/cmov/libc-2.11.1.so
b76c2000-b76c5000 rwxp 00000000 00:00 0 
b76c5000-b76c7000 r-xp 00000000 08:02 3375       /lib/tls/i686/cmov/libdl-2.11.1.so
b76c7000-b76c8000 r-xp 00001000 08:02 3375       /lib/tls/i686/cmov/libdl-2.11.1.so
b76c8000-b76c9000 rwxp 00002000 08:02 3375       /lib/tls/i686/cmov/libdl-2.11.1.so
b76c9000-b76cc000 r-xp 00000000 08:02 221206     /usr/lib/jvm/java-6-openjdk/jre/lib/i386/jli/libjli.so
b76cc000-b76cd000 r-xp 00003000 08:02 221206     /usr/lib/jvm/java-6-openjdk/jre/lib/i386/jli/libjli.so
b76cd000-b76ce000 rwxp 00004000 08:02 221206     /usr/lib/jvm/java-6-openjdk/jre/lib/i386/jli/libjli.so
b76ce000-b76e3000 r-xp 00000000 08:02 6715       /lib/tls/i686/cmov/libpthread-2.11.1.so
b76e3000-b76e4000 r-xp 00014000 08:02 6715       /lib/tls/i686/cmov/libpthread-2.11.1.so
b76e4000-b76e5000 rwxp 00015000 08:02 6715       /lib/tls/i686/cmov/libpthread-2.11.1.so
b76e5000-b76e8000 rwxp 00000000 00:00 0 
b76e8000-b76fb000 r-xp 00000000 08:02 5088       /lib/libz.so.1.2.3.3
b76fb000-b76fc000 r-xp 00012000 08:02 5088       /lib/libz.so.1.2.3.3
b76fc000-b76fd000 rwxp 00013000 08:02 5088       /lib/libz.so.1.2.3.3
b76fd000-b76ff000 r-xp 00000000 08:02 8887       /lib/libkeyutils-1.2.so
b76ff000-b7700000 r-xp 00001000 08:02 8887       /lib/libkeyutils-1.2.so
b7700000-b7701000 rwxp 00002000 08:02 8887       /lib/libkeyutils-1.2.so
b7701000-b7703000 r-xp 00000000 08:02 63146      /lib/libcom_err.so.2.1
b7703000-b7704000 r-xp 00001000 08:02 63146      /lib/libcom_err.so.2.1
b7704000-b7705000 rwxp 00002000 08:02 63146      /lib/libcom_err.so.2.1
b7705000-b770c000 r-xp 00000000 08:02 221247     /usr/lib/jvm/java-6-openjdk/jre/lib/i386/native_threads/libhpi.so
b770c000-b770d000 r-xp 00006000 08:02 221247     /usr/lib/jvm/java-6-openjdk/jre/lib/i386/native_threads/libhpi.so
b770d000-b770e000 rwxp 00007000 08:02 221247     /usr/lib/jvm/java-6-openjdk/jre/lib/i386/native_threads/libhpi.so
b770e000-b770f000 rwxp 00000000 00:00 0 
b770f000-b7710000 ---p 00000000 00:00 0 
b7710000-b771c000 r-xp 00000000 08:02 221244     /usr/lib/jvm/java-6-openjdk/jre/lib/i386/libverify.so
b771c000-b771d000 r-xp 0000b000 08:02 221244     /usr/lib/jvm/java-6-openjdk/jre/lib/i386/libverify.so
b771d000-b771e000 rwxp 0000c000 08:02 221244     /usr/lib/jvm/java-6-openjdk/jre/lib/i386/libverify.so
b771e000-b7720000 rwxp 00000000 00:00 0 
b7720000-b7721000 r-xp 00000000 00:00 0          [vdso]
b7721000-b773c000 r-xp 00000000 08:02 91151      /lib/ld-2.11.1.so
b773c000-b773d000 r-xp 0001a000 08:02 91151      /lib/ld-2.11.1.so
b773d000-b773e000 rwxp 0001b000 08:02 91151      /lib/ld-2.11.1.so
b773e000-bfe3e000 rwxp 00000000 00:00 0 
bfed0000-bfee5000 rw-p 00000000 00:00 0          [stack]
bfee5000-bffe5000 rwxp 00000000 00:00 0 

VM Arguments:
jvm_args: -Xmx2400m -Xms2400m -Dsz=32000000 -Dpar=1 
java_command: ctries.MultiInsertCtrie2 10 1
Launcher Type: SUN_STANDARD

Environment Variables:
PATH=/usr/local/sbin:/usr/local/bin:/usr/sbin:/usr/bin:/sbin:/bin:/usr/games:/home/linuxsoft/bin/:/home/linuxsoft/bin/:/home/prokopec/bin:/home/prokopec/configurationsfiles/bin
LD_LIBRARY_PATH=/usr/lib/jvm/java-6-openjdk/jre/lib/i386/server:/usr/lib/jvm/java-6-openjdk/jre/lib/i386:/usr/lib/jvm/java-6-openjdk/jre/../lib/i386:/home/prokopec/javas/jdk-6u21/java/jre/lib/i386/server:/home/prokopec/javas/jdk-6u21/java/jre/lib/i386:/home/prokopec/javas/jdk-6u21/java/jre/../lib/i386
SHELL=/bin/bash

Signal Handlers:
SIGSEGV: [libjvm.so+0x649f60], sa_mask[0]=0x7ffbfeff, sa_flags=0x10000004
SIGBUS: [libjvm.so+0x649f60], sa_mask[0]=0x7ffbfeff, sa_flags=0x10000004
SIGFPE: [libjvm.so+0x51bff0], sa_mask[0]=0x7ffbfeff, sa_flags=0x10000004
SIGPIPE: [libjvm.so+0x51bff0], sa_mask[0]=0x7ffbfeff, sa_flags=0x10000004
SIGXFSZ: [libjvm.so+0x51bff0], sa_mask[0]=0x7ffbfeff, sa_flags=0x10000004
SIGILL: [libjvm.so+0x51bff0], sa_mask[0]=0x7ffbfeff, sa_flags=0x10000004
SIGUSR1: SIG_DFL, sa_mask[0]=0x00000000, sa_flags=0x00000000
SIGUSR2: [libjvm.so+0x51b6a0], sa_mask[0]=0x00000004, sa_flags=0x10000004
SIGHUP: [libjvm.so+0x51e210], sa_mask[0]=0x7ffbfeff, sa_flags=0x10000004
SIGINT: [libjvm.so+0x51e210], sa_mask[0]=0x7ffbfeff, sa_flags=0x10000004
SIGTERM: [libjvm.so+0x51e210], sa_mask[0]=0x7ffbfeff, sa_flags=0x10000004
SIGQUIT: [libjvm.so+0x51e210], sa_mask[0]=0x7ffbfeff, sa_flags=0x10000004


---------------  S Y S T E M  ---------------

OS:Ubuntu 10.04 (lucid)
uname:Linux 2.6.32-31-generic #61-Ubuntu SMP Fri Apr 8 18:24:35 UTC 2011 i686
libc:glibc 2.11.1 NPTL 2.11.1 
rlimit: STACK 8192k, CORE 0k, NPROC infinity, NOFILE 1024, AS infinity
load average:0.48 1.07 0.77

/proc/meminfo:
MemTotal:        3344152 kB
MemFree:           89900 kB
Buffers:           27568 kB
Cached:            88432 kB
SwapCached:         1524 kB
Active:          2261852 kB
Inactive:         832444 kB
Active(anon):    2200088 kB
Inactive(anon):   778316 kB
Active(file):      61764 kB
Inactive(file):    54128 kB
Unevictable:         448 kB
Mlocked:             448 kB
HighTotal:       2487188 kB
HighFree:            796 kB
LowTotal:         856964 kB
LowFree:           89104 kB
SwapTotal:       8775664 kB
SwapFree:        8744764 kB
Dirty:                24 kB
Writeback:             0 kB
AnonPages:       2976808 kB
Mapped:            33356 kB
Shmem:               308 kB
Slab:              89460 kB
SReclaimable:      77068 kB
SUnreclaim:        12392 kB
KernelStack:        3192 kB
PageTables:         5812 kB
NFS_Unstable:          0 kB
Bounce:                0 kB
WritebackTmp:          0 kB
CommitLimit:    10447740 kB
Committed_AS:    3454752 kB
VmallocTotal:     122880 kB
VmallocUsed:       84772 kB
VmallocChunk:      29692 kB
HardwareCorrupted:     0 kB
HugePages_Total:       0
HugePages_Free:        0
HugePages_Rsvd:        0
HugePages_Surp:        0
Hugepagesize:       4096 kB
DirectMap4k:       12280 kB
DirectMap4M:      897024 kB


CPU:total 8 (4 cores per cpu, 2 threads per core) family 6 model 26 stepping 5, cmov, cx8, fxsr, mmx, sse, sse2, sse3, ssse3, sse4.1, sse4.2, popcnt, ht

Memory: 4k page, physical 3344152k(89900k free), swap 8775664k(8744764k free)

vm_info: OpenJDK Server VM (19.0-b09) for linux-x86 JRE (1.6.0_20-b20), built on Feb 23 2011 19:45:38 by "buildd" with gcc 4.4.3

time: Fri Jul  8 17:12:18 2011
elapsed time: 7 seconds

